<?xml version="1.0" encoding="UTF-8"?>
<!-- Generated by org.testng.reporters.JUnitReportReporter -->
<testsuite hostname="Dharshan_jm" failures="0" tests="1" name="org.tyss.flatworld.testcases.TC_05_VerifyUserShouldNotRedeemPointsLessThen4Test" time="47.311" errors="0" timestamp="2024-11-07T12:25:37 IST" skipped="0">
  <testcase classname="org.tyss.flatworld.testcases.TC_05_VerifyUserShouldNotRedeemPointsLessThen4Test" name="verifyUserShouldNotRedeemPointsLessThen5" time="47.311">
    <system-out>
      <![CDATA[----LOGIN SUCCESSFULL----
----MENU ICON HAMBURGER ICON CLICK SUCCESSFULL----
----INCENTIVE ADMIN HOME PAGE CLICK SUCCESSFULL----
----USER ADMINISTRATION CLICK SUCCESSFULL----
----PUBLIC USER CLICK OPTION CLICK SUCCESSFULL----
----ADD PUBLIC USER----
----PUBLIC USER ADDED SUCCESSFULLY----
----NAVIGATE TO IMPERSONATE BUTTON----
----SWITCH TO NEW WINDOW----
----NAVIGATE TO REDEEM PAGE----
----NAVIGATE TO KOHLER REWARDS PAGE----,TRUE
----ENTER POINTS----
----NAVIGATE TO TRANSACTION----
----CAPTURED ACTUAL DATA----
Alert message for 4 is displayed successfully
----TEST PASS----]]>
    </system-out>
  </testcase> <!-- verifyUserShouldNotRedeemPointsLessThen5 -->
  <system-out>
    <![CDATA[----LOGIN SUCCESSFULL----
----MENU ICON HAMBURGER ICON CLICK SUCCESSFULL----
----INCENTIVE ADMIN HOME PAGE CLICK SUCCESSFULL----
----USER ADMINISTRATION CLICK SUCCESSFULL----
----PUBLIC USER CLICK OPTION CLICK SUCCESSFULL----
----ADD PUBLIC USER----
----PUBLIC USER ADDED SUCCESSFULLY----
----NAVIGATE TO IMPERSONATE BUTTON----
----SWITCH TO NEW WINDOW----
----NAVIGATE TO REDEEM PAGE----
----NAVIGATE TO KOHLER REWARDS PAGE----,TRUE
----ENTER POINTS----
----NAVIGATE TO TRANSACTION----
----CAPTURED ACTUAL DATA----
Alert message for 4 is displayed successfully
----TEST PASS----]]>
  </system-out>
</testsuite> <!-- org.tyss.flatworld.testcases.TC_05_VerifyUserShouldNotRedeemPointsLessThen4Test -->
