<?xml version="1.0" encoding="UTF-8"?>
<!-- Generated by org.testng.reporters.JUnitReportReporter -->
<testsuite hostname="TYSS-Channaveerayya" failures="0" tests="1" name="org.tyss.knolskape.testcases.CheckWhetherLinksAreBrokenTest" time="13.065" errors="0" timestamp="2024-07-05T15:40:17 IST" skipped="0">
  <testcase classname="org.tyss.knolskape.testcases.CheckWhetherLinksAreBrokenTest" name="checkWhetherLinksAreBrokenTest" time="13.065"/>
</testsuite> <!-- org.tyss.knolskape.testcases.CheckWhetherLinksAreBrokenTest -->
