<?xml version="1.0" encoding="UTF-8"?>
<!-- Generated by org.testng.reporters.JUnitReportReporter -->
<testsuite hostname="TYSS-Channaveerayya" failures="0" tests="1" name="org.tyss.knolskape.testcases.CheckTheExpectedElementsArePresentInUITest" time="20.444" errors="0" timestamp="2024-07-03T23:52:29 IST" skipped="0">
  <testcase classname="org.tyss.knolskape.testcases.CheckTheExpectedElementsArePresentInUITest" name="checkTheExpectedElementsArePresentInUI" time="20.444"/>
</testsuite> <!-- org.tyss.knolskape.testcases.CheckTheExpectedElementsArePresentInUITest -->
