<?xml version="1.0" encoding="UTF-8"?>
<!-- Generated by org.testng.reporters.JUnitReportReporter -->
<testsuite hostname="Dharshan_jm" failures="0" tests="1" name="org.tyss.flatworld.testcases.TC_21_VerifyPointsConversionKohlerRewardCardPageTest" time="55.553" errors="0" timestamp="2024-11-07T11:03:52 IST" skipped="0">
  <testcase classname="org.tyss.flatworld.testcases.TC_21_VerifyPointsConversionKohlerRewardCardPageTest" name="testRun" time="55.553">
    <system-out>
      <![CDATA[----LOGIN SUCCESSFULL----
----MENU ICON HAMBURGER ICON CLICK SUCCESSFULL----
----INCENTIVE ADMIN HOME PAGE CLICK SUCCESSFULL----
----USER ADMINISTRATION CLICK SUCCESSFULL----
----PUBLIC USER CLICK OPTION CLICK SUCCESSFULL----
----NAVIGATE TO PUBLIC USER PAGE SEARCH----
----NAVIGATE TO IMPERSONATE USER----
----NAVIGATE TO NEW WINDOW----
----NAVIGATE TO KOHLER REWARDS CARD----
----TOTAL AVAILABLE POINTS----:480
----VALUE AVAILABLE POINTS----:$372
----AFTER CALULATION POINTS----:372
----VALUE AVAILABLE POINTS----:$372
----TEST PASS----]]>
    </system-out>
  </testcase> <!-- testRun -->
  <system-out>
    <![CDATA[----LOGIN SUCCESSFULL----
----MENU ICON HAMBURGER ICON CLICK SUCCESSFULL----
----INCENTIVE ADMIN HOME PAGE CLICK SUCCESSFULL----
----USER ADMINISTRATION CLICK SUCCESSFULL----
----PUBLIC USER CLICK OPTION CLICK SUCCESSFULL----
----NAVIGATE TO PUBLIC USER PAGE SEARCH----
----NAVIGATE TO IMPERSONATE USER----
----NAVIGATE TO NEW WINDOW----
----NAVIGATE TO KOHLER REWARDS CARD----
----TOTAL AVAILABLE POINTS----:480
----VALUE AVAILABLE POINTS----:$372
----AFTER CALULATION POINTS----:372
----VALUE AVAILABLE POINTS----:$372
----TEST PASS----]]>
  </system-out>
</testsuite> <!-- org.tyss.flatworld.testcases.TC_21_VerifyPointsConversionKohlerRewardCardPageTest -->
