<?xml version="1.0" encoding="UTF-8"?>
<!-- Generated by org.testng.reporters.JUnitReportReporter -->
<testsuite hostname="TYSS-Channaveerayya" failures="0" tests="1" name="org.tyss.knolskape.testcases.CheckWhetherLinksAreBroken" time="12.077" errors="0" timestamp="2024-07-01T19:53:53 IST" skipped="0">
  <testcase classname="org.tyss.knolskape.testcases.CheckWhetherLinksAreBroken" name="checkWhetherLinksAreBroken" time="12.077"/>
</testsuite> <!-- org.tyss.knolskape.testcases.CheckWhetherLinksAreBroken -->
