<?xml version="1.0" encoding="UTF-8"?>
<!-- Generated by org.testng.reporters.JUnitReportReporter -->
<testsuite hostname="Dharshan_jm" failures="0" tests="1" name="org.tyss.flatworld.testcases.TC_02_CompleteCourseAndVerifyPointsOnHoldTest" time="115.340" errors="0" timestamp="2024-11-07T10:34:51 IST" skipped="0">
  <testcase classname="org.tyss.flatworld.testcases.TC_02_CompleteCourseAndVerifyPointsOnHoldTest" name="completeCourseAndVerifyPointsAreCredited" time="115.340">
    <system-out>
      <![CDATA[----LOGIN SUCCESSFULL----
----MENU ICON HAMBURGER ICON CLICK SUCCESSFULL----
----INCENTIVE ADMIN HOME PAGE CLICK SUCCESSFULL----
----USER ADMINISTRATION CLICK SUCCESSFULL----
----PUBLIC USER CLICK OPTION CLICK SUCCESSFULL----
----ADD PUBLIC USER----
----PUBLIC USER ADDED SUCCESSFULLY----
----LMS ADMIN PANEL MENU CLICK SUCCESSFULL----
---- CURRICULUM MANAGER LINK CLICK SUCCESSFULL----
---- CURRICULUM MANAGER ADD CLICK SUCCESSFULL----
---- CURRICULUM NAME AND DESCRIPTION SUCCESSFULL----
---- EXIT FROM CURRICULUM PAGE SUCCESSFULL----
----NAVIGATE TO TRAINING PAGE----
----TRAINING PAGE DATA ADDED SUCCESSFULL----
----SEARCH DATA IN TRAINING COURSE PAGE----
----SEARCH DATA IN TRAINING COURSE PAGE SUCCESSFULL----
----NAVIGATE TO TITLE QUIZ PAGE----
----QUIZ ADDED SUCCESSFULL----
----NAVIGATE TO PUBLIC USER PAGE----
----NAVIGATE TO PUBLIC USER PAGE SEARCH----
----NAVIGATE TO NEW WINDOW----
----NAVIGATE TO ACADEMY PAGE----
----NAVIGATE TO CURRICULUM PAGE----
----NAVIGATE TO TEST PAGE----
----TEST SUCCESSFULL----
----TEST SUCCESSFULL MESSAGE----Your Score : 100%
---100 POINT CREDITED SUCCESFFULL TEST PASS
100 points  : POINTS ON HOLD
----TEST COMPLETED----]]>
    </system-out>
  </testcase> <!-- completeCourseAndVerifyPointsAreCredited -->
  <system-out>
    <![CDATA[----LOGIN SUCCESSFULL----
----MENU ICON HAMBURGER ICON CLICK SUCCESSFULL----
----INCENTIVE ADMIN HOME PAGE CLICK SUCCESSFULL----
----USER ADMINISTRATION CLICK SUCCESSFULL----
----PUBLIC USER CLICK OPTION CLICK SUCCESSFULL----
----ADD PUBLIC USER----
----PUBLIC USER ADDED SUCCESSFULLY----
----LMS ADMIN PANEL MENU CLICK SUCCESSFULL----
---- CURRICULUM MANAGER LINK CLICK SUCCESSFULL----
---- CURRICULUM MANAGER ADD CLICK SUCCESSFULL----
---- CURRICULUM NAME AND DESCRIPTION SUCCESSFULL----
---- EXIT FROM CURRICULUM PAGE SUCCESSFULL----
----NAVIGATE TO TRAINING PAGE----
----TRAINING PAGE DATA ADDED SUCCESSFULL----
----SEARCH DATA IN TRAINING COURSE PAGE----
----SEARCH DATA IN TRAINING COURSE PAGE SUCCESSFULL----
----NAVIGATE TO TITLE QUIZ PAGE----
----QUIZ ADDED SUCCESSFULL----
----NAVIGATE TO PUBLIC USER PAGE----
----NAVIGATE TO PUBLIC USER PAGE SEARCH----
----NAVIGATE TO NEW WINDOW----
----NAVIGATE TO ACADEMY PAGE----
----NAVIGATE TO CURRICULUM PAGE----
----NAVIGATE TO TEST PAGE----
----TEST SUCCESSFULL----
----TEST SUCCESSFULL MESSAGE----Your Score : 100%
---100 POINT CREDITED SUCCESFFULL TEST PASS
100 points  : POINTS ON HOLD
----TEST COMPLETED----]]>
  </system-out>
</testsuite> <!-- org.tyss.flatworld.testcases.TC_02_CompleteCourseAndVerifyPointsOnHoldTest -->
